0 verbose cli [ '/usr/bin/node', '/usr/bin/npm', 'install', 'express' ]
1 info using npm@8.5.1
2 info using node@v12.22.9
3 timing npm:load:whichnode Completed in 1ms
4 timing config:load:defaults Completed in 2ms
5 timing config:load:file:/usr/share/nodejs/npm/npmrc Completed in 7ms
6 timing config:load:builtin Completed in 7ms
7 timing config:load:cli Completed in 8ms
8 timing config:load:env Completed in 0ms
9 timing config:load:file:/home/ubuntu/mern-backend/.npmrc Completed in 0ms
10 timing config:load:project Completed in 2ms
11 timing config:load:file:/home/ubuntu/.npmrc Completed in 0ms
12 timing config:load:user Completed in 0ms
13 timing config:load:file:/etc/npmrc Completed in 0ms
14 timing config:load:global Completed in 1ms
15 timing config:load:validate Completed in 0ms
16 timing config:load:credentials Completed in 1ms
17 timing config:load:setEnvs Completed in 0ms
18 timing config:load Completed in 22ms
19 timing npm:load:configload Completed in 22ms
20 timing npm:load:setTitle Completed in 0ms
21 timing config:load:flatten Completed in 3ms
22 timing npm:load:display Completed in 5ms
23 verbose logfile /home/ubuntu/.npm/_logs/2026-02-19T09_22_33_181Z-debug-0.log
24 timing npm:load:logFile Completed in 5ms
25 timing npm:load:timers Completed in 0ms
26 timing npm:load:configScope Completed in 0ms
27 timing npm:load Completed in 33ms
28 timing arborist:ctor Completed in 1ms
29 timing arborist:ctor Completed in 0ms
30 timing idealTree:init Completed in 13ms
31 timing idealTree:userRequests Completed in 4ms
32 silly idealTree buildDeps
33 silly fetch manifest express@*
34 http fetch GET 200 https://registry.npmjs.org/express 107ms (cache miss)
35 silly placeDep ROOT express@5.2.1 OK for: mern-backend@1.0.0 want: *
36 silly fetch manifest qs@^6.14.0
37 silly fetch manifest depd@^2.0.0
38 silly fetch manifest etag@^1.8.1
39 silly fetch manifest once@^1.4.0
40 silly fetch manifest send@^1.1.0
41 silly fetch manifest vary@^1.1.2
42 silly fetch manifest debug@^4.4.0
43 silly fetch manifest fresh@^2.0.0
44 silly fetch manifest cookie@^0.7.1
45 silly fetch manifest router@^2.2.0
46 silly fetch manifest accepts@^2.0.0
47 silly fetch manifest type-is@^2.0.1
48 silly fetch manifest parseurl@^1.3.3
49 silly fetch manifest statuses@^2.0.1
50 silly fetch manifest encodeurl@^2.0.0
51 silly fetch manifest mime-types@^3.0.0
52 silly fetch manifest proxy-addr@^2.0.7
53 silly fetch manifest body-parser@^2.2.1
54 silly fetch manifest escape-html@^1.0.3
55 silly fetch manifest http-errors@^2.0.0
56 silly fetch manifest on-finished@^2.4.1
57 silly fetch manifest content-type@^1.0.5
58 silly fetch manifest finalhandler@^2.1.0
59 silly fetch manifest range-parser@^1.2.1
60 silly fetch manifest serve-static@^2.2.0
61 silly fetch manifest cookie-signature@^1.2.1
62 silly fetch manifest merge-descriptors@^2.0.0
63 silly fetch manifest content-disposition@^1.0.0
64 http fetch GET 200 https://registry.npmjs.org/once 216ms (cache miss)
65 http fetch GET 200 https://registry.npmjs.org/encodeurl 205ms (cache miss)
66 http fetch GET 200 https://registry.npmjs.org/vary 215ms (cache miss)
67 http fetch GET 200 https://registry.npmjs.org/fresh 214ms (cache miss)
68 http fetch GET 200 https://registry.npmjs.org/etag 220ms (cache miss)
69 http fetch GET 200 https://registry.npmjs.org/escape-html 205ms (cache miss)
70 http fetch GET 200 https://registry.npmjs.org/statuses 213ms (cache miss)
71 http fetch GET 200 https://registry.npmjs.org/content-type 203ms (cache miss)
72 http fetch GET 200 https://registry.npmjs.org/parseurl 215ms (cache miss)
73 http fetch GET 200 https://registry.npmjs.org/depd 228ms (cache miss)
74 http fetch GET 200 https://registry.npmjs.org/content-disposition 200ms (cache miss)
75 http fetch GET 200 https://registry.npmjs.org/merge-descriptors 201ms (cache miss)
76 http fetch GET 200 https://registry.npmjs.org/range-parser 204ms (cache miss)
77 http fetch GET 200 https://registry.npmjs.org/on-finished 211ms (cache miss)
78 http fetch GET 200 https://registry.npmjs.org/cookie 225ms (cache miss)
79 http fetch GET 200 https://registry.npmjs.org/accepts 225ms (cache miss)
80 http fetch GET 200 https://registry.npmjs.org/http-errors 217ms (cache miss)
81 http fetch GET 200 https://registry.npmjs.org/cookie-signature 208ms (cache miss)
82 http fetch GET 200 https://registry.npmjs.org/type-is 228ms (cache miss)
83 http fetch GET 200 https://registry.npmjs.org/mime-types 224ms (cache miss)
84 http fetch GET 200 https://registry.npmjs.org/proxy-addr 224ms (cache miss)
85 http fetch GET 200 https://registry.npmjs.org/finalhandler 215ms (cache miss)
86 http fetch GET 200 https://registry.npmjs.org/qs 245ms (cache miss)
87 http fetch GET 200 https://registry.npmjs.org/router 237ms (cache miss)
88 http fetch GET 200 https://registry.npmjs.org/serve-static 218ms (cache miss)
89 http fetch GET 200 https://registry.npmjs.org/send 243ms (cache miss)
90 http fetch GET 200 https://registry.npmjs.org/body-parser 231ms (cache miss)
91 http fetch GET 200 https://registry.npmjs.org/debug 244ms (cache miss)
92 timing idealTree:#root Completed in 378ms
93 silly placeDep ROOT accepts@2.0.0 OK for: express@5.2.1 want: ^2.0.0
94 silly placeDep ROOT body-parser@2.2.2 OK for: express@5.2.1 want: ^2.2.1
95 silly placeDep ROOT content-disposition@1.0.1 OK for: express@5.2.1 want: ^1.0.0
96 silly placeDep ROOT content-type@1.0.5 OK for: express@5.2.1 want: ^1.0.5
97 silly placeDep ROOT cookie@0.7.2 OK for: express@5.2.1 want: ^0.7.1
98 silly placeDep ROOT cookie-signature@1.2.2 OK for: express@5.2.1 want: ^1.2.1
99 silly placeDep ROOT debug@4.4.3 OK for: express@5.2.1 want: ^4.4.0
100 silly placeDep ROOT depd@2.0.0 OK for: express@5.2.1 want: ^2.0.0
101 silly placeDep ROOT encodeurl@2.0.0 OK for: express@5.2.1 want: ^2.0.0
102 silly placeDep ROOT escape-html@1.0.3 OK for: express@5.2.1 want: ^1.0.3
103 silly placeDep ROOT etag@1.8.1 OK for: express@5.2.1 want: ^1.8.1
104 silly placeDep ROOT finalhandler@2.1.1 OK for: express@5.2.1 want: ^2.1.0
105 silly placeDep ROOT fresh@2.0.0 OK for: express@5.2.1 want: ^2.0.0
106 silly placeDep ROOT http-errors@2.0.1 OK for: express@5.2.1 want: ^2.0.0
107 silly placeDep ROOT merge-descriptors@2.0.0 OK for: express@5.2.1 want: ^2.0.0
108 silly placeDep ROOT mime-types@3.0.2 OK for: express@5.2.1 want: ^3.0.0
109 silly placeDep ROOT on-finished@2.4.1 OK for: express@5.2.1 want: ^2.4.1
110 silly placeDep ROOT once@1.4.0 OK for: express@5.2.1 want: ^1.4.0
111 silly placeDep ROOT parseurl@1.3.3 OK for: express@5.2.1 want: ^1.3.3
112 silly placeDep ROOT proxy-addr@2.0.7 OK for: express@5.2.1 want: ^2.0.7
113 silly placeDep ROOT qs@6.15.0 OK for: express@5.2.1 want: ^6.14.0
114 silly placeDep ROOT range-parser@1.2.1 OK for: express@5.2.1 want: ^1.2.1
115 silly placeDep ROOT router@2.2.0 OK for: express@5.2.1 want: ^2.2.0
116 silly placeDep ROOT send@1.2.1 OK for: express@5.2.1 want: ^1.1.0
117 silly placeDep ROOT serve-static@2.2.1 OK for: express@5.2.1 want: ^2.2.0
118 silly placeDep ROOT statuses@2.0.2 OK for: express@5.2.1 want: ^2.0.1
119 silly placeDep ROOT type-is@2.0.1 OK for: express@5.2.1 want: ^2.0.1
120 silly placeDep ROOT vary@1.1.2 OK for: express@5.2.1 want: ^1.1.2
121 silly fetch manifest negotiator@^1.0.0
122 silly fetch manifest bytes@^3.1.2
123 silly fetch manifest iconv-lite@^0.7.0
124 silly fetch manifest raw-body@^3.0.1
125 silly fetch manifest ms@^2.1.3
126 silly fetch manifest inherits@~2.0.4
127 silly fetch manifest setprototypeof@~1.2.0
128 silly fetch manifest toidentifier@~1.0.1
129 silly fetch manifest mime-db@^1.54.0
130 silly fetch manifest ee-first@1.1.1
131 silly fetch manifest wrappy@1
132 silly fetch manifest forwarded@0.2.0
133 silly fetch manifest ipaddr.js@1.9.1
134 silly fetch manifest side-channel@^1.1.0
135 silly fetch manifest is-promise@^4.0.0
136 silly fetch manifest path-to-regexp@^8.0.0
137 silly fetch manifest media-typer@^1.1.0
138 http fetch GET 200 https://registry.npmjs.org/wrappy 112ms (cache miss)
139 http fetch GET 200 https://registry.npmjs.org/forwarded 112ms (cache miss)
140 http fetch GET 200 https://registry.npmjs.org/setprototypeof 119ms (cache miss)
141 http fetch GET 200 https://registry.npmjs.org/ee-first 117ms (cache miss)
142 http fetch GET 200 https://registry.npmjs.org/toidentifier 120ms (cache miss)
143 http fetch GET 200 https://registry.npmjs.org/inherits 123ms (cache miss)
144 http fetch GET 200 https://registry.npmjs.org/bytes 128ms (cache miss)
145 http fetch GET 200 https://registry.npmjs.org/is-promise 115ms (cache miss)
146 http fetch GET 200 https://registry.npmjs.org/side-channel 118ms (cache miss)
147 http fetch GET 200 https://registry.npmjs.org/media-typer 114ms (cache miss)
148 http fetch GET 200 https://registry.npmjs.org/mime-db 123ms (cache miss)
149 http fetch GET 200 https://registry.npmjs.org/negotiator 133ms (cache miss)
150 http fetch GET 200 https://registry.npmjs.org/path-to-regexp 118ms (cache miss)
151 http fetch GET 200 https://registry.npmjs.org/ipaddr.js 123ms (cache miss)
152 http fetch GET 200 https://registry.npmjs.org/raw-body 132ms (cache miss)
153 http fetch GET 200 https://registry.npmjs.org/ms 131ms (cache miss)
154 http fetch GET 200 https://registry.npmjs.org/iconv-lite 134ms (cache miss)
155 timing idealTree:node_modules/express Completed in 231ms
156 silly placeDep ROOT negotiator@1.0.0 OK for: accepts@2.0.0 want: ^1.0.0
157 timing idealTree:node_modules/accepts Completed in 2ms
158 silly placeDep ROOT bytes@3.1.2 OK for: body-parser@2.2.2 want: ^3.1.2
159 silly placeDep ROOT iconv-lite@0.7.2 OK for: body-parser@2.2.2 want: ^0.7.0
160 silly placeDep ROOT raw-body@3.0.2 OK for: body-parser@2.2.2 want: ^3.0.1
161 silly fetch manifest safer-buffer@>= 2.1.2 < 3.0.0
162 silly fetch manifest unpipe@~1.0.0
163 http fetch GET 200 https://registry.npmjs.org/unpipe 27ms (cache miss)
164 http fetch GET 200 https://registry.npmjs.org/safer-buffer 28ms (cache miss)
165 timing idealTree:node_modules/body-parser Completed in 35ms
166 timing idealTree:node_modules/bytes Completed in 1ms
167 timing idealTree:node_modules/content-disposition Completed in 0ms
168 timing idealTree:node_modules/content-type Completed in 0ms
169 timing idealTree:node_modules/cookie Completed in 0ms
170 timing idealTree:node_modules/cookie-signature Completed in 0ms
171 silly placeDep ROOT ms@2.1.3 OK for: debug@4.4.3 want: ^2.1.3
172 timing idealTree:node_modules/debug Completed in 2ms
173 timing idealTree:node_modules/depd Completed in 0ms
174 timing idealTree:node_modules/encodeurl Completed in 0ms
175 timing idealTree:node_modules/escape-html Completed in 0ms
176 timing idealTree:node_modules/etag Completed in 0ms
177 timing idealTree:node_modules/finalhandler Completed in 0ms
178 timing idealTree:node_modules/fresh Completed in 0ms
179 silly placeDep ROOT inherits@2.0.4 OK for: http-errors@2.0.1 want: ~2.0.4
180 silly placeDep ROOT setprototypeof@1.2.0 OK for: http-errors@2.0.1 want: ~1.2.0
181 silly placeDep ROOT toidentifier@1.0.1 OK for: http-errors@2.0.1 want: ~1.0.1
182 timing idealTree:node_modules/http-errors Completed in 6ms
183 silly placeDep ROOT safer-buffer@2.1.2 OK for: iconv-lite@0.7.2 want: >= 2.1.2 < 3.0.0
184 timing idealTree:node_modules/iconv-lite Completed in 1ms
185 timing idealTree:node_modules/inherits Completed in 0ms
186 timing idealTree:node_modules/merge-descriptors Completed in 0ms
187 silly placeDep ROOT mime-db@1.54.0 OK for: mime-types@3.0.2 want: ^1.54.0
188 timing idealTree:node_modules/mime-types Completed in 1ms
189 timing idealTree:node_modules/mime-db Completed in 0ms
190 timing idealTree:node_modules/ms Completed in 0ms
191 timing idealTree:node_modules/negotiator Completed in 0ms
192 silly placeDep ROOT ee-first@1.1.1 OK for: on-finished@2.4.1 want: 1.1.1
193 timing idealTree:node_modules/on-finished Completed in 2ms
194 timing idealTree:node_modules/ee-first Completed in 0ms
195 silly placeDep ROOT wrappy@1.0.2 OK for: once@1.4.0 want: 1
196 timing idealTree:node_modules/once Completed in 1ms
197 timing idealTree:node_modules/parseurl Completed in 0ms
198 silly placeDep ROOT forwarded@0.2.0 OK for: proxy-addr@2.0.7 want: 0.2.0
199 silly placeDep ROOT ipaddr.js@1.9.1 OK for: proxy-addr@2.0.7 want: 1.9.1
200 timing idealTree:node_modules/proxy-addr Completed in 2ms
201 timing idealTree:node_modules/forwarded Completed in 0ms
202 timing idealTree:node_modules/ipaddr.js Completed in 0ms
203 silly placeDep ROOT side-channel@1.1.0 OK for: qs@6.15.0 want: ^1.1.0
204 silly fetch manifest es-errors@^1.3.0
205 silly fetch manifest object-inspect@^1.13.3
206 silly fetch manifest side-channel-list@^1.0.0
207 silly fetch manifest side-channel-map@^1.0.1
208 silly fetch manifest side-channel-weakmap@^1.0.2
209 http fetch GET 200 https://registry.npmjs.org/side-channel-map 31ms (cache miss)
210 http fetch GET 200 https://registry.npmjs.org/es-errors 37ms (cache miss)
211 http fetch GET 200 https://registry.npmjs.org/side-channel-weakmap 47ms (cache miss)
212 http fetch GET 200 https://registry.npmjs.org/side-channel-list 50ms (cache miss)
213 http fetch GET 200 https://registry.npmjs.org/object-inspect 53ms (cache miss)
214 timing idealTree:node_modules/qs Completed in 57ms
215 timing idealTree:node_modules/range-parser Completed in 0ms
216 silly placeDep ROOT unpipe@1.0.0 OK for: raw-body@3.0.2 want: ~1.0.0
217 timing idealTree:node_modules/raw-body Completed in 2ms
218 silly placeDep ROOT is-promise@4.0.0 OK for: router@2.2.0 want: ^4.0.0
219 silly placeDep ROOT path-to-regexp@8.3.0 OK for: router@2.2.0 want: ^8.0.0
220 timing idealTree:node_modules/router Completed in 3ms
221 timing idealTree:node_modules/is-promise Completed in 0ms
222 timing idealTree:node_modules/path-to-regexp Completed in 0ms
223 timing idealTree:node_modules/safer-buffer Completed in 0ms
224 timing idealTree:node_modules/send Completed in 0ms
225 timing idealTree:node_modules/serve-static Completed in 0ms
226 timing idealTree:node_modules/setprototypeof Completed in 0ms
227 silly placeDep ROOT es-errors@1.3.0 OK for: side-channel@1.1.0 want: ^1.3.0
228 silly placeDep ROOT object-inspect@1.13.4 OK for: side-channel@1.1.0 want: ^1.13.3
229 silly placeDep ROOT side-channel-list@1.0.0 OK for: side-channel@1.1.0 want: ^1.0.0
230 silly placeDep ROOT side-channel-map@1.0.1 OK for: side-channel@1.1.0 want: ^1.0.1
231 silly placeDep ROOT side-channel-weakmap@1.0.2 OK for: side-channel@1.1.0 want: ^1.0.2
232 silly fetch manifest call-bound@^1.0.2
233 silly fetch manifest get-intrinsic@^1.2.5
234 http fetch GET 200 https://registry.npmjs.org/call-bound 34ms (cache miss)
235 http fetch GET 200 https://registry.npmjs.org/get-intrinsic 34ms (cache miss)
236 timing idealTree:node_modules/side-channel Completed in 50ms
237 timing idealTree:node_modules/es-errors Completed in 0ms
238 timing idealTree:node_modules/object-inspect Completed in 0ms
239 timing idealTree:node_modules/side-channel-list Completed in 0ms
240 silly placeDep ROOT call-bound@1.0.4 OK for: side-channel-map@1.0.1 want: ^1.0.2
241 silly placeDep ROOT get-intrinsic@1.3.0 OK for: side-channel-map@1.0.1 want: ^1.2.5
242 silly fetch manifest call-bind-apply-helpers@^1.0.2
243 silly fetch manifest gopd@^1.2.0
244 silly fetch manifest hasown@^2.0.2
245 silly fetch manifest get-proto@^1.0.1
246 silly fetch manifest has-symbols@^1.1.0
247 silly fetch manifest function-bind@^1.1.2
248 silly fetch manifest es-object-atoms@^1.1.1
249 silly fetch manifest math-intrinsics@^1.1.0
250 silly fetch manifest es-define-property@^1.0.1
251 http fetch GET 200 https://registry.npmjs.org/gopd 58ms (cache miss)
252 http fetch GET 200 https://registry.npmjs.org/es-object-atoms 57ms (cache miss)
253 http fetch GET 200 https://registry.npmjs.org/math-intrinsics 57ms (cache miss)
254 http fetch GET 200 https://registry.npmjs.org/es-define-property 57ms (cache miss)
255 http fetch GET 200 https://registry.npmjs.org/function-bind 59ms (cache miss)
256 http fetch GET 200 https://registry.npmjs.org/has-symbols 61ms (cache miss)
257 http fetch GET 200 https://registry.npmjs.org/hasown 63ms (cache miss)
258 http fetch GET 200 https://registry.npmjs.org/call-bind-apply-helpers 65ms (cache miss)
259 http fetch GET 200 https://registry.npmjs.org/get-proto 101ms (cache miss)
260 timing idealTree:node_modules/side-channel-map Completed in 109ms
261 silly placeDep ROOT call-bind-apply-helpers@1.0.2 OK for: call-bound@1.0.4 want: ^1.0.2
262 timing idealTree:node_modules/call-bound Completed in 4ms
263 silly placeDep ROOT function-bind@1.1.2 OK for: call-bind-apply-helpers@1.0.2 want: ^1.1.2
264 timing idealTree:node_modules/call-bind-apply-helpers Completed in 2ms
265 timing idealTree:node_modules/function-bind Completed in 0ms
266 silly placeDep ROOT es-define-property@1.0.1 OK for: get-intrinsic@1.3.0 want: ^1.0.1
267 silly placeDep ROOT es-object-atoms@1.1.1 OK for: get-intrinsic@1.3.0 want: ^1.1.1
268 silly placeDep ROOT get-proto@1.0.1 OK for: get-intrinsic@1.3.0 want: ^1.0.1
269 silly placeDep ROOT gopd@1.2.0 OK for: get-intrinsic@1.3.0 want: ^1.2.0
270 silly placeDep ROOT has-symbols@1.1.0 OK for: get-intrinsic@1.3.0 want: ^1.1.0
271 silly placeDep ROOT hasown@2.0.2 OK for: get-intrinsic@1.3.0 want: ^2.0.2
272 silly placeDep ROOT math-intrinsics@1.1.0 OK for: get-intrinsic@1.3.0 want: ^1.1.0
273 silly fetch manifest dunder-proto@^1.0.1
274 http fetch GET 200 https://registry.npmjs.org/dunder-proto 24ms (cache miss)
275 timing idealTree:node_modules/get-intrinsic Completed in 42ms
276 timing idealTree:node_modules/es-define-property Completed in 0ms
277 timing idealTree:node_modules/es-object-atoms Completed in 0ms
278 silly placeDep ROOT dunder-proto@1.0.1 OK for: get-proto@1.0.1 want: ^1.0.1
279 timing idealTree:node_modules/get-proto Completed in 2ms
280 timing idealTree:node_modules/dunder-proto Completed in 0ms
281 timing idealTree:node_modules/gopd Completed in 0ms
282 timing idealTree:node_modules/has-symbols Completed in 0ms
283 timing idealTree:node_modules/hasown Completed in 0ms
284 timing idealTree:node_modules/math-intrinsics Completed in 0ms
285 timing idealTree:node_modules/side-channel-weakmap Completed in 0ms
286 timing idealTree:node_modules/statuses Completed in 0ms
287 timing idealTree:node_modules/toidentifier Completed in 0ms
288 silly placeDep ROOT media-typer@1.1.0 OK for: type-is@2.0.1 want: ^1.1.0
289 timing idealTree:node_modules/type-is Completed in 1ms
290 timing idealTree:node_modules/media-typer Completed in 1ms
291 timing idealTree:node_modules/unpipe Completed in 0ms
292 timing idealTree:node_modules/vary Completed in 0ms
293 timing idealTree:node_modules/wrappy Completed in 0ms
294 timing idealTree:buildDeps Completed in 938ms
295 timing idealTree:fixDepFlags Completed in 2ms
296 warn EBADENGINE Unsupported engine {
296 warn EBADENGINE   package: 'express@5.2.1',
296 warn EBADENGINE   required: { node: '>= 18' },
296 warn EBADENGINE   current: { node: 'v12.22.9', npm: '8.5.1' }
296 warn EBADENGINE }
297 warn EBADENGINE Unsupported engine {
297 warn EBADENGINE   package: 'body-parser@2.2.2',
297 warn EBADENGINE   required: { node: '>=18' },
297 warn EBADENGINE   current: { node: 'v12.22.9', npm: '8.5.1' }
297 warn EBADENGINE }
298 warn EBADENGINE Unsupported engine {
298 warn EBADENGINE   package: 'content-disposition@1.0.1',
298 warn EBADENGINE   required: { node: '>=18' },
298 warn EBADENGINE   current: { node: 'v12.22.9', npm: '8.5.1' }
298 warn EBADENGINE }
299 warn EBADENGINE Unsupported engine {
299 warn EBADENGINE   package: 'finalhandler@2.1.1',
299 warn EBADENGINE   required: { node: '>= 18.0.0' },
299 warn EBADENGINE   current: { node: 'v12.22.9', npm: '8.5.1' }
299 warn EBADENGINE }
300 warn EBADENGINE Unsupported engine {
300 warn EBADENGINE   package: 'merge-descriptors@2.0.0',
300 warn EBADENGINE   required: { node: '>=18' },
300 warn EBADENGINE   current: { node: 'v12.22.9', npm: '8.5.1' }
300 warn EBADENGINE }
301 warn EBADENGINE Unsupported engine {
301 warn EBADENGINE   package: 'mime-types@3.0.2',
301 warn EBADENGINE   required: { node: '>=18' },
301 warn EBADENGINE   current: { node: 'v12.22.9', npm: '8.5.1' }
301 warn EBADENGINE }
302 warn EBADENGINE Unsupported engine {
302 warn EBADENGINE   package: 'router@2.2.0',
302 warn EBADENGINE   required: { node: '>= 18' },
302 warn EBADENGINE   current: { node: 'v12.22.9', npm: '8.5.1' }
302 warn EBADENGINE }
303 warn EBADENGINE Unsupported engine {
303 warn EBADENGINE   package: 'send@1.2.1',
303 warn EBADENGINE   required: { node: '>= 18' },
303 warn EBADENGINE   current: { node: 'v12.22.9', npm: '8.5.1' }
303 warn EBADENGINE }
304 warn EBADENGINE Unsupported engine {
304 warn EBADENGINE   package: 'serve-static@2.2.1',
304 warn EBADENGINE   required: { node: '>= 18' },
304 warn EBADENGINE   current: { node: 'v12.22.9', npm: '8.5.1' }
304 warn EBADENGINE }
305 timing idealTree Completed in 969ms
306 timing reify:loadTrees Completed in 971ms
307 timing reify:diffTrees Completed in 3ms
308 silly reify moves {}
309 timing reify:retireShallow Completed in 1ms
310 timing reify:createSparse Completed in 15ms
311 timing reify:loadBundles Completed in 0ms
312 silly audit bulk request {
312 silly audit   express: [ '5.2.1' ],
312 silly audit   accepts: [ '2.0.0' ],
312 silly audit   'body-parser': [ '2.2.2' ],
312 silly audit   'content-disposition': [ '1.0.1' ],
312 silly audit   'content-type': [ '1.0.5' ],
312 silly audit   cookie: [ '0.7.2' ],
312 silly audit   'cookie-signature': [ '1.2.2' ],
312 silly audit   debug: [ '4.4.3' ],
312 silly audit   depd: [ '2.0.0' ],
312 silly audit   encodeurl: [ '2.0.0' ],
312 silly audit   'escape-html': [ '1.0.3' ],
312 silly audit   etag: [ '1.8.1' ],
312 silly audit   finalhandler: [ '2.1.1' ],
312 silly audit   fresh: [ '2.0.0' ],
312 silly audit   'http-errors': [ '2.0.1' ],
312 silly audit   'merge-descriptors': [ '2.0.0' ],
312 silly audit   'mime-types': [ '3.0.2' ],
312 silly audit   'on-finished': [ '2.4.1' ],
312 silly audit   once: [ '1.4.0' ],
312 silly audit   parseurl: [ '1.3.3' ],
312 silly audit   'proxy-addr': [ '2.0.7' ],
312 silly audit   qs: [ '6.15.0' ],
312 silly audit   'range-parser': [ '1.2.1' ],
312 silly audit   router: [ '2.2.0' ],
312 silly audit   send: [ '1.2.1' ],
312 silly audit   'serve-static': [ '2.2.1' ],
312 silly audit   statuses: [ '2.0.2' ],
312 silly audit   'type-is': [ '2.0.1' ],
312 silly audit   vary: [ '1.1.2' ],
312 silly audit   negotiator: [ '1.0.0' ],
312 silly audit   bytes: [ '3.1.2' ],
312 silly audit   'iconv-lite': [ '0.7.2' ],
312 silly audit   'raw-body': [ '3.0.2' ],
312 silly audit   ms: [ '2.1.3' ],
312 silly audit   inherits: [ '2.0.4' ],
312 silly audit   setprototypeof: [ '1.2.0' ],
312 silly audit   toidentifier: [ '1.0.1' ],
312 silly audit   'safer-buffer': [ '2.1.2' ],
312 silly audit   'mime-db': [ '1.54.0' ],
312 silly audit   'ee-first': [ '1.1.1' ],
312 silly audit   wrappy: [ '1.0.2' ],
312 silly audit   forwarded: [ '0.2.0' ],
312 silly audit   'ipaddr.js': [ '1.9.1' ],
312 silly audit   'side-channel': [ '1.1.0' ],
312 silly audit   unpipe: [ '1.0.0' ],
312 silly audit   'is-promise': [ '4.0.0' ],
312 silly audit   'path-to-regexp': [ '8.3.0' ],
312 silly audit   'es-errors': [ '1.3.0' ],
312 silly audit   'object-inspect': [ '1.13.4' ],
312 silly audit   'side-channel-list': [ '1.0.0' ],
312 silly audit   'side-channel-map': [ '1.0.1' ],
312 silly audit   'side-channel-weakmap': [ '1.0.2' ],
312 silly audit   'call-bound': [ '1.0.4' ],
312 silly audit   'get-intrinsic': [ '1.3.0' ],
312 silly audit   'call-bind-apply-helpers': [ '1.0.2' ],
312 silly audit   'function-bind': [ '1.1.2' ],
312 silly audit   'es-define-property': [ '1.0.1' ],
312 silly audit   'es-object-atoms': [ '1.1.1' ],
312 silly audit   'get-proto': [ '1.0.1' ],
312 silly audit   gopd: [ '1.2.0' ],
312 silly audit   'has-symbols': [ '1.1.0' ],
312 silly audit   hasown: [ '2.0.2' ],
312 silly audit   'math-intrinsics': [ '1.1.0' ],
312 silly audit   'dunder-proto': [ '1.0.1' ],
312 silly audit   'media-typer': [ '1.1.0' ]
312 silly audit }
313 silly tarball no local data for media-typer@https://registry.npmjs.org/media-typer/-/media-typer-1.1.0.tgz. Extracting by manifest.
314 silly tarball no local data for dunder-proto@https://registry.npmjs.org/dunder-proto/-/dunder-proto-1.0.1.tgz. Extracting by manifest.
315 silly tarball no local data for math-intrinsics@https://registry.npmjs.org/math-intrinsics/-/math-intrinsics-1.1.0.tgz. Extracting by manifest.
316 silly tarball no local data for hasown@https://registry.npmjs.org/hasown/-/hasown-2.0.2.tgz. Extracting by manifest.
317 silly tarball no local data for has-symbols@https://registry.npmjs.org/has-symbols/-/has-symbols-1.1.0.tgz. Extracting by manifest.
318 silly tarball no local data for gopd@https://registry.npmjs.org/gopd/-/gopd-1.2.0.tgz. Extracting by manifest.
319 silly tarball no local data for get-proto@https://registry.npmjs.org/get-proto/-/get-proto-1.0.1.tgz. Extracting by manifest.
320 silly tarball no local data for es-object-atoms@https://registry.npmjs.org/es-object-atoms/-/es-object-atoms-1.1.1.tgz. Extracting by manifest.
321 silly tarball no local data for es-define-property@https://registry.npmjs.org/es-define-property/-/es-define-property-1.0.1.tgz. Extracting by manifest.
322 silly tarball no local data for function-bind@https://registry.npmjs.org/function-bind/-/function-bind-1.1.2.tgz. Extracting by manifest.
323 silly tarball no local data for call-bind-apply-helpers@https://registry.npmjs.org/call-bind-apply-helpers/-/call-bind-apply-helpers-1.0.2.tgz. Extracting by manifest.
324 silly tarball no local data for get-intrinsic@https://registry.npmjs.org/get-intrinsic/-/get-intrinsic-1.3.0.tgz. Extracting by manifest.
325 silly tarball no local data for call-bound@https://registry.npmjs.org/call-bound/-/call-bound-1.0.4.tgz. Extracting by manifest.
326 silly tarball no local data for side-channel-weakmap@https://registry.npmjs.org/side-channel-weakmap/-/side-channel-weakmap-1.0.2.tgz. Extracting by manifest.
327 silly tarball no local data for side-channel-map@https://registry.npmjs.org/side-channel-map/-/side-channel-map-1.0.1.tgz. Extracting by manifest.
328 silly tarball no local data for side-channel-list@https://registry.npmjs.org/side-channel-list/-/side-channel-list-1.0.0.tgz. Extracting by manifest.
329 silly tarball no local data for object-inspect@https://registry.npmjs.org/object-inspect/-/object-inspect-1.13.4.tgz. Extracting by manifest.
330 silly tarball no local data for es-errors@https://registry.npmjs.org/es-errors/-/es-errors-1.3.0.tgz. Extracting by manifest.
331 silly tarball no local data for path-to-regexp@https://registry.npmjs.org/path-to-regexp/-/path-to-regexp-8.3.0.tgz. Extracting by manifest.
332 silly tarball no local data for is-promise@https://registry.npmjs.org/is-promise/-/is-promise-4.0.0.tgz. Extracting by manifest.
333 silly tarball no local data for unpipe@https://registry.npmjs.org/unpipe/-/unpipe-1.0.0.tgz. Extracting by manifest.
334 silly tarball no local data for side-channel@https://registry.npmjs.org/side-channel/-/side-channel-1.1.0.tgz. Extracting by manifest.
335 silly tarball no local data for ipaddr.js@https://registry.npmjs.org/ipaddr.js/-/ipaddr.js-1.9.1.tgz. Extracting by manifest.
336 silly tarball no local data for forwarded@https://registry.npmjs.org/forwarded/-/forwarded-0.2.0.tgz. Extracting by manifest.
337 silly tarball no local data for wrappy@https://registry.npmjs.org/wrappy/-/wrappy-1.0.2.tgz. Extracting by manifest.
338 silly tarball no local data for ee-first@https://registry.npmjs.org/ee-first/-/ee-first-1.1.1.tgz. Extracting by manifest.
339 silly tarball no local data for mime-db@https://registry.npmjs.org/mime-db/-/mime-db-1.54.0.tgz. Extracting by manifest.
340 silly tarball no local data for safer-buffer@https://registry.npmjs.org/safer-buffer/-/safer-buffer-2.1.2.tgz. Extracting by manifest.
341 silly tarball no local data for toidentifier@https://registry.npmjs.org/toidentifier/-/toidentifier-1.0.1.tgz. Extracting by manifest.
342 silly tarball no local data for setprototypeof@https://registry.npmjs.org/setprototypeof/-/setprototypeof-1.2.0.tgz. Extracting by manifest.
343 silly tarball no local data for inherits@https://registry.npmjs.org/inherits/-/inherits-2.0.4.tgz. Extracting by manifest.
344 silly tarball no local data for ms@https://registry.npmjs.org/ms/-/ms-2.1.3.tgz. Extracting by manifest.
345 silly tarball no local data for raw-body@https://registry.npmjs.org/raw-body/-/raw-body-3.0.2.tgz. Extracting by manifest.
346 silly tarball no local data for iconv-lite@https://registry.npmjs.org/iconv-lite/-/iconv-lite-0.7.2.tgz. Extracting by manifest.
347 silly tarball no local data for bytes@https://registry.npmjs.org/bytes/-/bytes-3.1.2.tgz. Extracting by manifest.
348 silly tarball no local data for negotiator@https://registry.npmjs.org/negotiator/-/negotiator-1.0.0.tgz. Extracting by manifest.
349 silly tarball no local data for vary@https://registry.npmjs.org/vary/-/vary-1.1.2.tgz. Extracting by manifest.
350 silly tarball no local data for type-is@https://registry.npmjs.org/type-is/-/type-is-2.0.1.tgz. Extracting by manifest.
351 silly tarball no local data for statuses@https://registry.npmjs.org/statuses/-/statuses-2.0.2.tgz. Extracting by manifest.
352 silly tarball no local data for serve-static@https://registry.npmjs.org/serve-static/-/serve-static-2.2.1.tgz. Extracting by manifest.
353 silly tarball no local data for send@https://registry.npmjs.org/send/-/send-1.2.1.tgz. Extracting by manifest.
354 silly tarball no local data for router@https://registry.npmjs.org/router/-/router-2.2.0.tgz. Extracting by manifest.
355 silly tarball no local data for range-parser@https://registry.npmjs.org/range-parser/-/range-parser-1.2.1.tgz. Extracting by manifest.
356 silly tarball no local data for qs@https://registry.npmjs.org/qs/-/qs-6.15.0.tgz. Extracting by manifest.
357 silly tarball no local data for proxy-addr@https://registry.npmjs.org/proxy-addr/-/proxy-addr-2.0.7.tgz. Extracting by manifest.
358 silly tarball no local data for parseurl@https://registry.npmjs.org/parseurl/-/parseurl-1.3.3.tgz. Extracting by manifest.
359 silly tarball no local data for once@https://registry.npmjs.org/once/-/once-1.4.0.tgz. Extracting by manifest.
360 silly tarball no local data for on-finished@https://registry.npmjs.org/on-finished/-/on-finished-2.4.1.tgz. Extracting by manifest.
361 silly tarball no local data for mime-types@https://registry.npmjs.org/mime-types/-/mime-types-3.0.2.tgz. Extracting by manifest.
362 silly tarball no local data for merge-descriptors@https://registry.npmjs.org/merge-descriptors/-/merge-descriptors-2.0.0.tgz. Extracting by manifest.
363 silly tarball no local data for http-errors@https://registry.npmjs.org/http-errors/-/http-errors-2.0.1.tgz. Extracting by manifest.
364 silly tarball no local data for fresh@https://registry.npmjs.org/fresh/-/fresh-2.0.0.tgz. Extracting by manifest.
365 silly tarball no local data for finalhandler@https://registry.npmjs.org/finalhandler/-/finalhandler-2.1.1.tgz. Extracting by manifest.
366 silly tarball no local data for etag@https://registry.npmjs.org/etag/-/etag-1.8.1.tgz. Extracting by manifest.
367 silly tarball no local data for escape-html@https://registry.npmjs.org/escape-html/-/escape-html-1.0.3.tgz. Extracting by manifest.
368 silly tarball no local data for encodeurl@https://registry.npmjs.org/encodeurl/-/encodeurl-2.0.0.tgz. Extracting by manifest.
369 silly tarball no local data for depd@https://registry.npmjs.org/depd/-/depd-2.0.0.tgz. Extracting by manifest.
370 silly tarball no local data for debug@https://registry.npmjs.org/debug/-/debug-4.4.3.tgz. Extracting by manifest.
371 silly tarball no local data for cookie-signature@https://registry.npmjs.org/cookie-signature/-/cookie-signature-1.2.2.tgz. Extracting by manifest.
372 silly tarball no local data for cookie@https://registry.npmjs.org/cookie/-/cookie-0.7.2.tgz. Extracting by manifest.
373 silly tarball no local data for content-type@https://registry.npmjs.org/content-type/-/content-type-1.0.5.tgz. Extracting by manifest.
374 silly tarball no local data for content-disposition@https://registry.npmjs.org/content-disposition/-/content-disposition-1.0.1.tgz. Extracting by manifest.
375 silly tarball no local data for body-parser@https://registry.npmjs.org/body-parser/-/body-parser-2.2.2.tgz. Extracting by manifest.
376 silly tarball no local data for accepts@https://registry.npmjs.org/accepts/-/accepts-2.0.0.tgz. Extracting by manifest.
377 silly tarball no local data for express@https://registry.npmjs.org/express/-/express-5.2.1.tgz. Extracting by manifest.
378 http fetch POST 200 https://registry.npmjs.org/-/npm/v1/security/advisories/bulk 941ms
379 timing auditReport:getReport Completed in 944ms
380 silly audit report {}
381 timing auditReport:init Completed in 0ms
382 timing reify:audit Completed in 947ms
383 http fetch GET 200 https://registry.npmjs.org/toidentifier/-/toidentifier-1.0.1.tgz 838ms (cache miss)
384 timing reifyNode:node_modules/toidentifier Completed in 1107ms
385 http fetch GET 200 https://registry.npmjs.org/wrappy/-/wrappy-1.0.2.tgz 909ms (cache miss)
386 timing reifyNode:node_modules/wrappy Completed in 1156ms
387 http fetch GET 200 https://registry.npmjs.org/ee-first/-/ee-first-1.1.1.tgz 908ms (cache miss)
388 timing reifyNode:node_modules/ee-first Completed in 1160ms
389 http fetch GET 200 https://registry.npmjs.org/is-promise/-/is-promise-4.0.0.tgz 963ms (cache miss)
390 timing reifyNode:node_modules/is-promise Completed in 1167ms
391 http fetch GET 200 https://registry.npmjs.org/unpipe/-/unpipe-1.0.0.tgz 951ms (cache miss)
392 timing reifyNode:node_modules/unpipe Completed in 1172ms
393 http fetch GET 200 https://registry.npmjs.org/media-typer/-/media-typer-1.1.0.tgz 1134ms (cache miss)
394 timing reifyNode:node_modules/media-typer Completed in 1183ms
395 http fetch GET 200 https://registry.npmjs.org/cookie-signature/-/cookie-signature-1.2.2.tgz 667ms (cache miss)
396 timing reifyNode:node_modules/cookie-signature Completed in 1189ms
397 http fetch GET 200 https://registry.npmjs.org/range-parser/-/range-parser-1.2.1.tgz 839ms (cache miss)
398 timing reifyNode:node_modules/range-parser Completed in 1223ms
399 http fetch GET 200 https://registry.npmjs.org/encodeurl/-/encodeurl-2.0.0.tgz 733ms (cache miss)
400 timing reifyNode:node_modules/encodeurl Completed in 1237ms
401 http fetch GET 200 https://registry.npmjs.org/inherits/-/inherits-2.0.4.tgz 963ms (cache miss)
402 timing reifyNode:node_modules/inherits Completed in 1249ms
403 http fetch GET 200 https://registry.npmjs.org/content-type/-/content-type-1.0.5.tgz 726ms (cache miss)
404 timing reifyNode:node_modules/content-type Completed in 1258ms
405 http fetch GET 200 https://registry.npmjs.org/type-is/-/type-is-2.0.1.tgz 923ms (cache miss)
406 timing reifyNode:node_modules/type-is Completed in 1268ms
407 http fetch GET 200 https://registry.npmjs.org/side-channel-weakmap/-/side-channel-weakmap-1.0.2.tgz 1124ms (cache miss)
408 timing reifyNode:node_modules/side-channel-weakmap Completed in 1279ms
409 http fetch GET 200 https://registry.npmjs.org/forwarded/-/forwarded-0.2.0.tgz 1042ms (cache miss)
410 timing reifyNode:node_modules/forwarded Completed in 1284ms
411 http fetch GET 200 https://registry.npmjs.org/vary/-/vary-1.1.2.tgz 950ms (cache miss)
412 timing reifyNode:node_modules/vary Completed in 1289ms
413 http fetch GET 200 https://registry.npmjs.org/ms/-/ms-2.1.3.tgz 995ms (cache miss)
414 timing reifyNode:node_modules/ms Completed in 1295ms
415 http fetch GET 200 https://registry.npmjs.org/once/-/once-1.4.0.tgz 876ms (cache miss)
416 timing reifyNode:node_modules/once Completed in 1302ms
417 http fetch GET 200 https://registry.npmjs.org/on-finished/-/on-finished-2.4.1.tgz 882ms (cache miss)
418 timing reifyNode:node_modules/on-finished Completed in 1313ms
419 http fetch GET 200 https://registry.npmjs.org/ipaddr.js/-/ipaddr.js-1.9.1.tgz 1110ms (cache miss)
420 timing reifyNode:node_modules/ipaddr.js Completed in 1346ms
421 http fetch GET 200 https://registry.npmjs.org/send/-/send-1.2.1.tgz 989ms (cache miss)
422 timing reifyNode:node_modules/send Completed in 1350ms
423 http fetch GET 200 https://registry.npmjs.org/etag/-/etag-1.8.1.tgz 891ms (cache miss)
424 timing reifyNode:node_modules/etag Completed in 1363ms
425 http fetch GET 200 https://registry.npmjs.org/merge-descriptors/-/merge-descriptors-2.0.0.tgz 925ms (cache miss)
426 timing reifyNode:node_modules/merge-descriptors Completed in 1367ms
427 http fetch GET 200 https://registry.npmjs.org/es-object-atoms/-/es-object-atoms-1.1.1.tgz 1281ms (cache miss)
428 timing reifyNode:node_modules/es-object-atoms Completed in 1379ms
429 http fetch GET 200 https://registry.npmjs.org/bytes/-/bytes-3.1.2.tgz 1053ms (cache miss)
430 timing reifyNode:node_modules/bytes Completed in 1381ms
431 http fetch GET 200 https://registry.npmjs.org/setprototypeof/-/setprototypeof-1.2.0.tgz 1111ms (cache miss)
432 timing reifyNode:node_modules/setprototypeof Completed in 1386ms
433 http fetch GET 200 https://registry.npmjs.org/statuses/-/statuses-2.0.2.tgz 1040ms (cache miss)
434 timing reifyNode:node_modules/statuses Completed in 1390ms
435 http fetch GET 200 https://registry.npmjs.org/fresh/-/fresh-2.0.0.tgz 943ms (cache miss)
436 timing reifyNode:node_modules/fresh Completed in 1397ms
437 http fetch GET 200 https://registry.npmjs.org/cookie/-/cookie-0.7.2.tgz 882ms (cache miss)
438 timing reifyNode:node_modules/cookie Completed in 1410ms
439 http fetch GET 200 https://registry.npmjs.org/accepts/-/accepts-2.0.0.tgz 873ms (cache miss)
440 timing reifyNode:node_modules/accepts Completed in 1422ms
441 http fetch GET 200 https://registry.npmjs.org/side-channel-list/-/side-channel-list-1.0.0.tgz 1281ms (cache miss)
442 timing reifyNode:node_modules/side-channel-list Completed in 1448ms
443 http fetch GET 200 https://registry.npmjs.org/es-define-property/-/es-define-property-1.0.1.tgz 1335ms (cache miss)
444 timing reifyNode:node_modules/es-define-property Completed in 1456ms
445 http fetch GET 200 https://registry.npmjs.org/http-errors/-/http-errors-2.0.1.tgz 1014ms (cache miss)
446 timing reifyNode:node_modules/http-errors Completed in 1462ms
447 http fetch GET 200 https://registry.npmjs.org/escape-html/-/escape-html-1.0.3.tgz 976ms (cache miss)
448 timing reifyNode:node_modules/escape-html Completed in 1466ms
449 http fetch GET 200 https://registry.npmjs.org/side-channel/-/side-channel-1.1.0.tgz 1249ms (cache miss)
450 timing reifyNode:node_modules/side-channel Completed in 1477ms
451 http fetch GET 200 https://registry.npmjs.org/serve-static/-/serve-static-2.2.1.tgz 1124ms (cache miss)
452 timing reifyNode:node_modules/serve-static Completed in 1479ms
453 http fetch GET 200 https://registry.npmjs.org/finalhandler/-/finalhandler-2.1.1.tgz 1022ms (cache miss)
454 timing reifyNode:node_modules/finalhandler Completed in 1485ms
455 http fetch GET 200 https://registry.npmjs.org/parseurl/-/parseurl-1.3.3.tgz 1072ms (cache miss)
456 timing reifyNode:node_modules/parseurl Completed in 1490ms
457 http fetch GET 200 https://registry.npmjs.org/proxy-addr/-/proxy-addr-2.0.7.tgz 1082ms (cache miss)
458 timing reifyNode:node_modules/proxy-addr Completed in 1495ms
459 http fetch GET 200 https://registry.npmjs.org/hasown/-/hasown-2.0.2.tgz 1459ms (cache miss)
460 timing reifyNode:node_modules/hasown Completed in 1525ms
461 http fetch GET 200 https://registry.npmjs.org/path-to-regexp/-/path-to-regexp-8.3.0.tgz 1341ms (cache miss)
462 timing reifyNode:node_modules/path-to-regexp Completed in 1533ms
463 http fetch GET 200 https://registry.npmjs.org/router/-/router-2.2.0.tgz 1169ms (cache miss)
464 timing reifyNode:node_modules/router Completed in 1538ms
465 http fetch GET 200 https://registry.npmjs.org/depd/-/depd-2.0.0.tgz 1033ms (cache miss)
466 timing reifyNode:node_modules/depd Completed in 1544ms
467 http fetch GET 200 https://registry.npmjs.org/gopd/-/gopd-1.2.0.tgz 1477ms (cache miss)
468 timing reifyNode:node_modules/gopd Completed in 1556ms
469 http fetch GET 200 https://registry.npmjs.org/side-channel-map/-/side-channel-map-1.0.1.tgz 1400ms (cache miss)
470 timing reifyNode:node_modules/side-channel-map Completed in 1561ms
471 http fetch GET 200 https://registry.npmjs.org/content-disposition/-/content-disposition-1.0.1.tgz 1023ms (cache miss)
472 timing reifyNode:node_modules/content-disposition Completed in 1561ms
473 http fetch GET 200 https://registry.npmjs.org/call-bind-apply-helpers/-/call-bind-apply-helpers-1.0.2.tgz 1434ms (cache miss)
474 timing reifyNode:node_modules/call-bind-apply-helpers Completed in 1571ms
475 http fetch GET 200 https://registry.npmjs.org/raw-body/-/raw-body-3.0.2.tgz 1259ms (cache miss)
476 timing reifyNode:node_modules/raw-body Completed in 1574ms
477 http fetch GET 200 https://registry.npmjs.org/get-proto/-/get-proto-1.0.1.tgz 1523ms (cache miss)
478 timing reifyNode:node_modules/get-proto Completed in 1609ms
479 http fetch GET 200 https://registry.npmjs.org/call-bound/-/call-bound-1.0.4.tgz 1464ms (cache miss)
480 timing reifyNode:node_modules/call-bound Completed in 1612ms
481 http fetch GET 200 https://registry.npmjs.org/debug/-/debug-4.4.3.tgz 1098ms (cache miss)
482 timing reifyNode:node_modules/debug Completed in 1615ms
483 http fetch GET 200 https://registry.npmjs.org/dunder-proto/-/dunder-proto-1.0.1.tgz 1573ms (cache miss)
484 timing reifyNode:node_modules/dunder-proto Completed in 1625ms
485 http fetch GET 200 https://registry.npmjs.org/safer-buffer/-/safer-buffer-2.1.2.tgz 1364ms (cache miss)
486 timing reifyNode:node_modules/safer-buffer Completed in 1628ms
487 http fetch GET 200 https://registry.npmjs.org/negotiator/-/negotiator-1.0.0.tgz 1299ms (cache miss)
488 timing reifyNode:node_modules/negotiator Completed in 1633ms
489 http fetch GET 200 https://registry.npmjs.org/has-symbols/-/has-symbols-1.1.0.tgz 1570ms (cache miss)
490 timing reifyNode:node_modules/has-symbols Completed in 1643ms
491 http fetch GET 200 https://registry.npmjs.org/function-bind/-/function-bind-1.1.2.tgz 1517ms (cache miss)
492 timing reifyNode:node_modules/function-bind Completed in 1648ms
493 http fetch GET 200 https://registry.npmjs.org/mime-types/-/mime-types-3.0.2.tgz 1217ms (cache miss)
494 timing reifyNode:node_modules/mime-types Completed in 1654ms
495 http fetch GET 200 https://registry.npmjs.org/get-intrinsic/-/get-intrinsic-1.3.0.tgz 1540ms (cache miss)
496 timing reifyNode:node_modules/get-intrinsic Completed in 1682ms
497 http fetch GET 200 https://registry.npmjs.org/es-errors/-/es-errors-1.3.0.tgz 1510ms (cache miss)
498 timing reifyNode:node_modules/es-errors Completed in 1688ms
499 http fetch GET 200 https://registry.npmjs.org/body-parser/-/body-parser-2.2.2.tgz 1147ms (cache miss)
500 timing reifyNode:node_modules/body-parser Completed in 1691ms
501 http fetch GET 200 https://registry.npmjs.org/mime-db/-/mime-db-1.54.0.tgz 1445ms (cache miss)
502 timing reifyNode:node_modules/mime-db Completed in 1703ms
503 http fetch GET 200 https://registry.npmjs.org/express/-/express-5.2.1.tgz 1149ms (cache miss)
504 timing reifyNode:node_modules/express Completed in 1708ms
505 http fetch GET 200 https://registry.npmjs.org/math-intrinsics/-/math-intrinsics-1.1.0.tgz 1664ms (cache miss)
506 timing reifyNode:node_modules/math-intrinsics Completed in 1725ms
507 http fetch GET 200 https://registry.npmjs.org/qs/-/qs-6.15.0.tgz 1331ms (cache miss)
508 timing reifyNode:node_modules/qs Completed in 1729ms
509 http fetch GET 200 https://registry.npmjs.org/object-inspect/-/object-inspect-1.13.4.tgz 1567ms (cache miss)
510 timing reifyNode:node_modules/object-inspect Completed in 1739ms
511 http fetch GET 200 https://registry.npmjs.org/iconv-lite/-/iconv-lite-0.7.2.tgz 1446ms (cache miss)
512 timing reifyNode:node_modules/iconv-lite Completed in 1768ms
513 timing reify:unpack Completed in 1773ms
514 timing reify:unretire Completed in 0ms
515 timing build:queue Completed in 2ms
516 timing build:deps Completed in 3ms
517 timing build Completed in 3ms
518 timing reify:build Completed in 4ms
519 timing reify:trash Completed in 0ms
520 timing reify:save Completed in 38ms
521 timing reify Completed in 2839ms
522 silly ADD node_modules/media-typer
523 silly ADD node_modules/dunder-proto
524 silly ADD node_modules/math-intrinsics
525 silly ADD node_modules/hasown
526 silly ADD node_modules/has-symbols
527 silly ADD node_modules/gopd
528 silly ADD node_modules/get-proto
529 silly ADD node_modules/es-object-atoms
530 silly ADD node_modules/es-define-property
531 silly ADD node_modules/function-bind
532 silly ADD node_modules/call-bind-apply-helpers
533 silly ADD node_modules/get-intrinsic
534 silly ADD node_modules/call-bound
535 silly ADD node_modules/side-channel-weakmap
536 silly ADD node_modules/side-channel-map
537 silly ADD node_modules/side-channel-list
538 silly ADD node_modules/object-inspect
539 silly ADD node_modules/es-errors
540 silly ADD node_modules/path-to-regexp
541 silly ADD node_modules/is-promise
542 silly ADD node_modules/unpipe
543 silly ADD node_modules/side-channel
544 silly ADD node_modules/ipaddr.js
545 silly ADD node_modules/forwarded
546 silly ADD node_modules/wrappy
547 silly ADD node_modules/ee-first
548 silly ADD node_modules/mime-db
549 silly ADD node_modules/safer-buffer
550 silly ADD node_modules/toidentifier
551 silly ADD node_modules/setprototypeof
552 silly ADD node_modules/inherits
553 silly ADD node_modules/ms
554 silly ADD node_modules/raw-body
555 silly ADD node_modules/iconv-lite
556 silly ADD node_modules/bytes
557 silly ADD node_modules/negotiator
558 silly ADD node_modules/vary
559 silly ADD node_modules/type-is
560 silly ADD node_modules/statuses
561 silly ADD node_modules/serve-static
562 silly ADD node_modules/send
563 silly ADD node_modules/router
564 silly ADD node_modules/range-parser
565 silly ADD node_modules/qs
566 silly ADD node_modules/proxy-addr
567 silly ADD node_modules/parseurl
568 silly ADD node_modules/once
569 silly ADD node_modules/on-finished
570 silly ADD node_modules/mime-types
571 silly ADD node_modules/merge-descriptors
572 silly ADD node_modules/http-errors
573 silly ADD node_modules/fresh
574 silly ADD node_modules/finalhandler
575 silly ADD node_modules/etag
576 silly ADD node_modules/escape-html
577 silly ADD node_modules/encodeurl
578 silly ADD node_modules/depd
579 silly ADD node_modules/debug
580 silly ADD node_modules/cookie-signature
581 silly ADD node_modules/cookie
582 silly ADD node_modules/content-type
583 silly ADD node_modules/content-disposition
584 silly ADD node_modules/body-parser
585 silly ADD node_modules/accepts
586 silly ADD node_modules/express
587 timing command:install Completed in 2850ms
588 verbose exit 0
589 timing npm Completed in 3111ms
590 info ok
